<?xml version="1.0" encoding="UTF-8"?>
<!-- Generated by org.testng.reporters.JUnitXMLReporter -->
<testsuite ignored="0" hostname="AMAV1Q0509154" failures="1" tests="2" name="Test" time="59.615" errors="0" timestamp="2023-01-24T12:15:09 IST">
  <testcase classname="com.crm.qa.tests.ContactsPageTest" name="TestVerifyContactsHeader" time="0.123"/>
  <testcase classname="com.crm.qa.tests.ContactsPageTest" name="clickonTomPterCheckbox" time="3.136">
    <failure type="org.openqa.selenium.ElementClickInterceptedException" message="element click intercepted: Element &amp;lt;input class=&amp;quot;hidden&amp;quot; name=&amp;quot;id&amp;quot; readonly=&amp;quot;&amp;quot; tabindex=&amp;quot;0&amp;quot; type=&amp;quot;checkbox&amp;quot; value=&amp;quot;&amp;quot;&amp;gt; is not clickable at point (70, 173). Other element would receive the click: &amp;lt;a class=&amp;quot;item active&amp;quot; href=&amp;quot;/contacts&amp;quot; aria-current=&amp;quot;page&amp;quot;&amp;gt;...&amp;lt;/a&amp;gt;
  (Session info: chrome=108.0.5359.124)
Build info: version: &amp;apos;4.7.2&amp;apos;, revision: &amp;apos;4d4020c3b7&amp;apos;
System info: os.name: &amp;apos;Mac OS X&amp;apos;, os.arch: &amp;apos;x86_64&amp;apos;, os.version: &amp;apos;12.6.2&amp;apos;, java.version: &amp;apos;17.0.5&amp;apos;
Driver info: org.openqa.selenium.chrome.ChromeDriver
Command: [cb9582cb97650a753704bb692d982922, clickElement {id=247f5ed3-b306-4d53-89e9-2a0ac4149efd}]
Capabilities {acceptInsecureCerts: false, browserName: chrome, browserVersion: 108.0.5359.124, chrome: {chromedriverVersion: 108.0.5359.71 (1e0e3868ee06..., userDataDir: /var/folders/2j/05rzvd7n3_q...}, goog:chromeOptions: {debuggerAddress: localhost:58459}, networkConnectionEnabled: false, pageLoadStrategy: normal, platformName: MAC, proxy: Proxy(), se:cdp: ws://localhost:58459/devtoo..., se:cdpVersion: 108.0.5359.124, setWindowRect: true, strictFileInteractability: false, timeouts: {implicit: 0, pageLoad: 300000, script: 30000}, unhandledPromptBehavior: dismiss and notify, webauthn:extension:credBlob: true, webauthn:extension:largeBlob: true, webauthn:virtualAuthenticators: true}
Element: [[ChromeDriver: chrome on MAC (cb9582cb97650a753704bb692d982922)] -&amp;gt; xpath: //a[text()=&amp;apos;Tom Peter&amp;apos;]/parent::td/preceding-sibling::td /div/input]
Session ID: cb9582cb97650a753704bb692d982922">
      <![CDATA[org.openqa.selenium.ElementClickInterceptedException: element click intercepted: Element <input class="hidden" name="id" readonly="" tabindex="0" type="checkbox" value=""> is not clickable at point (70, 173). Other element would receive the click: <a class="item active" href="/contacts" aria-current="page">...</a>
  (Session info: chrome=108.0.5359.124)
Build info: version: '4.7.2', revision: '4d4020c3b7'
System info: os.name: 'Mac OS X', os.arch: 'x86_64', os.version: '12.6.2', java.version: '17.0.5'
Driver info: org.openqa.selenium.chrome.ChromeDriver
Command: [cb9582cb97650a753704bb692d982922, clickElement {id=247f5ed3-b306-4d53-89e9-2a0ac4149efd}]
Capabilities {acceptInsecureCerts: false, browserName: chrome, browserVersion: 108.0.5359.124, chrome: {chromedriverVersion: 108.0.5359.71 (1e0e3868ee06..., userDataDir: /var/folders/2j/05rzvd7n3_q...}, goog:chromeOptions: {debuggerAddress: localhost:58459}, networkConnectionEnabled: false, pageLoadStrategy: normal, platformName: MAC, proxy: Proxy(), se:cdp: ws://localhost:58459/devtoo..., se:cdpVersion: 108.0.5359.124, setWindowRect: true, strictFileInteractability: false, timeouts: {implicit: 0, pageLoad: 300000, script: 30000}, unhandledPromptBehavior: dismiss and notify, webauthn:extension:credBlob: true, webauthn:extension:largeBlob: true, webauthn:virtualAuthenticators: true}
Element: [[ChromeDriver: chrome on MAC (cb9582cb97650a753704bb692d982922)] -> xpath: //a[text()='Tom Peter']/parent::td/preceding-sibling::td /div/input]
Session ID: cb9582cb97650a753704bb692d982922
at org.openqa.selenium.remote.codec.w3c.W3CHttpResponseCodec.createException(W3CHttpResponseCodec.java:200)
at org.openqa.selenium.remote.codec.w3c.W3CHttpResponseCodec.decode(W3CHttpResponseCodec.java:133)
at org.openqa.selenium.remote.codec.w3c.W3CHttpResponseCodec.decode(W3CHttpResponseCodec.java:53)
at org.openqa.selenium.remote.HttpCommandExecutor.execute(HttpCommandExecutor.java:184)
at org.openqa.selenium.remote.service.DriverCommandExecutor.invokeExecute(DriverCommandExecutor.java:167)
at org.openqa.selenium.remote.service.DriverCommandExecutor.execute(DriverCommandExecutor.java:142)
at org.openqa.selenium.remote.RemoteWebDriver.execute(RemoteWebDriver.java:535)
at org.openqa.selenium.remote.RemoteWebElement.execute(RemoteWebElement.java:257)
at org.openqa.selenium.remote.RemoteWebElement.click(RemoteWebElement.java:78)
at org.openqa.selenium.support.pagefactory.internal.LocatingElementHandler.invoke(LocatingElementHandler.java:52)
at jdk.proxy2/jdk.proxy2.$Proxy17.click(Unknown Source)
at com.crm.qa.pages.ContactsPage.clickonTomPterCheckbox(ContactsPage.java:36)
at com.crm.qa.tests.ContactsPageTest.clickonTomPterCheckbox(ContactsPageTest.java:49)
at java.base/java.util.ArrayList.forEach(ArrayList.java:1511)
... Removed 36 stack frames]]>
    </failure>
  </testcase> <!-- clickonTomPterCheckbox -->
</testsuite> <!-- Test -->
